📜 TreatyGrid center coordination completed: 2026-06-16T05:45:06Z
  🦍 Gorilla holds the flame - Treaty alignment verified
♟️ Chess-Ledger synchronization check: 2026-06-16T05:45:06Z
  ✅ All treaty bindings verified across ecosystem
📜 TreatyGrid center coordination completed: 2026-06-16T07:47:22Z
  🦍 Gorilla holds the flame - Treaty alignment verified
♟️ Chess-Ledger synchronization check: 2026-06-16T07:47:22Z
  ✅ All treaty bindings verified across ecosystem
📜 TreatyGrid center coordination completed: 2026-06-16T09:41:22Z
  🦍 Gorilla holds the flame - Treaty alignment verified
♟️ Chess-Ledger synchronization check: 2026-06-16T09:41:22Z
  ✅ All treaty bindings verified across ecosystem
📜 TreatyGrid center coordination completed: 2026-06-16T11:43:11Z
  🦍 Gorilla holds the flame - Treaty alignment verified
♟️ Chess-Ledger synchronization check: 2026-06-16T11:43:11Z
  ✅ All treaty bindings verified across ecosystem
📜 TreatyGrid center coordination completed: 2026-06-16T13:29:26Z
  🦍 Gorilla holds the flame - Treaty alignment verified
♟️ Chess-Ledger synchronization check: 2026-06-16T13:29:26Z
  ✅ All treaty bindings verified across ecosystem
📜 TreatyGrid center coordination completed: 2026-06-16T15:35:29Z
  🦍 Gorilla holds the flame - Treaty alignment verified
♟️ Chess-Ledger synchronization check: 2026-06-16T15:35:29Z
  ✅ All treaty bindings verified across ecosystem
📜 TreatyGrid center coordination completed: 2026-06-16T17:38:18Z
  🦍 Gorilla holds the flame - Treaty alignment verified
♟️ Chess-Ledger synchronization check: 2026-06-16T17:38:18Z
  ✅ All treaty bindings verified across ecosystem
📜 TreatyGrid center coordination completed: 2026-06-16T19:07:52Z
  🦍 Gorilla holds the flame - Treaty alignment verified
♟️ Chess-Ledger synchronization check: 2026-06-16T19:07:52Z
  ✅ All treaty bindings verified across ecosystem
📜 TreatyGrid center coordination completed: 2026-06-16T20:58:25Z
  🦍 Gorilla holds the flame - Treaty alignment verified
♟️ Chess-Ledger synchronization check: 2026-06-16T20:58:25Z
  ✅ All treaty bindings verified across ecosystem
📜 TreatyGrid center coordination completed: 2026-06-16T22:36:11Z
  🦍 Gorilla holds the flame - Treaty alignment verified
♟️ Chess-Ledger synchronization check: 2026-06-16T22:36:11Z
  ✅ All treaty bindings verified across ecosystem
📜 TreatyGrid center coordination completed: 2026-06-17T00:25:28Z
  🦍 Gorilla holds the flame - Treaty alignment verified
♟️ Chess-Ledger synchronization check: 2026-06-17T00:25:28Z
  ✅ All treaty bindings verified across ecosystem
📜 TreatyGrid center coordination completed: 2026-06-17T03:00:40Z
  🦍 Gorilla holds the flame - Treaty alignment verified
♟️ Chess-Ledger synchronization check: 2026-06-17T03:00:40Z
  ✅ All treaty bindings verified across ecosystem
📜 TreatyGrid center coordination completed: 2026-06-17T05:33:15Z
  🦍 Gorilla holds the flame - Treaty alignment verified
♟️ Chess-Ledger synchronization check: 2026-06-17T05:33:15Z
  ✅ All treaty bindings verified across ecosystem
📜 TreatyGrid center coordination completed: 2026-06-17T07:38:24Z
  🦍 Gorilla holds the flame - Treaty alignment verified
♟️ Chess-Ledger synchronization check: 2026-06-17T07:38:24Z
  ✅ All treaty bindings verified across ecosystem
📜 TreatyGrid center coordination completed: 2026-06-17T09:29:35Z
  🦍 Gorilla holds the flame - Treaty alignment verified
♟️ Chess-Ledger synchronization check: 2026-06-17T09:29:35Z
  ✅ All treaty bindings verified across ecosystem
📜 TreatyGrid center coordination completed: 2026-06-17T11:30:57Z
  🦍 Gorilla holds the flame - Treaty alignment verified
♟️ Chess-Ledger synchronization check: 2026-06-17T11:30:57Z
  ✅ All treaty bindings verified across ecosystem
📜 TreatyGrid center coordination completed: 2026-06-17T13:05:22Z
  🦍 Gorilla holds the flame - Treaty alignment verified
♟️ Chess-Ledger synchronization check: 2026-06-17T13:05:22Z
  ✅ All treaty bindings verified across ecosystem
📜 TreatyGrid center coordination completed: 2026-06-17T15:00:48Z
  🦍 Gorilla holds the flame - Treaty alignment verified
♟️ Chess-Ledger synchronization check: 2026-06-17T15:00:48Z
  ✅ All treaty bindings verified across ecosystem
📜 TreatyGrid center coordination completed: 2026-06-17T16:58:39Z
  🦍 Gorilla holds the flame - Treaty alignment verified
♟️ Chess-Ledger synchronization check: 2026-06-17T16:58:39Z
  ✅ All treaty bindings verified across ecosystem
📜 TreatyGrid center coordination completed: 2026-06-17T18:43:46Z
  🦍 Gorilla holds the flame - Treaty alignment verified
♟️ Chess-Ledger synchronization check: 2026-06-17T18:43:46Z
  ✅ All treaty bindings verified across ecosystem
📜 TreatyGrid center coordination completed: 2026-06-17T20:38:58Z
  🦍 Gorilla holds the flame - Treaty alignment verified
♟️ Chess-Ledger synchronization check: 2026-06-17T20:38:58Z
  ✅ All treaty bindings verified across ecosystem
📜 TreatyGrid center coordination completed: 2026-06-17T22:30:55Z
  🦍 Gorilla holds the flame - Treaty alignment verified
♟️ Chess-Ledger synchronization check: 2026-06-17T22:30:55Z
  ✅ All treaty bindings verified across ecosystem
📜 TreatyGrid center coordination completed: 2026-06-18T00:26:23Z
  🦍 Gorilla holds the flame - Treaty alignment verified
♟️ Chess-Ledger synchronization check: 2026-06-18T00:26:23Z
  ✅ All treaty bindings verified across ecosystem
📜 TreatyGrid center coordination completed: 2026-06-18T03:00:23Z
  🦍 Gorilla holds the flame - Treaty alignment verified
♟️ Chess-Ledger synchronization check: 2026-06-18T03:00:23Z
  ✅ All treaty bindings verified across ecosystem
📜 TreatyGrid center coordination completed: 2026-06-18T05:30:42Z
  🦍 Gorilla holds the flame - Treaty alignment verified
♟️ Chess-Ledger synchronization check: 2026-06-18T05:30:42Z
  ✅ All treaty bindings verified across ecosystem
📜 TreatyGrid center coordination completed: 2026-06-18T07:30:40Z
  🦍 Gorilla holds the flame - Treaty alignment verified
♟️ Chess-Ledger synchronization check: 2026-06-18T07:30:40Z
  ✅ All treaty bindings verified across ecosystem
📜 TreatyGrid center coordination completed: 2026-06-18T09:24:51Z
  🦍 Gorilla holds the flame - Treaty alignment verified
♟️ Chess-Ledger synchronization check: 2026-06-18T09:24:51Z
  ✅ All treaty bindings verified across ecosystem
📜 TreatyGrid center coordination completed: 2026-06-18T11:19:23Z
  🦍 Gorilla holds the flame - Treaty alignment verified
♟️ Chess-Ledger synchronization check: 2026-06-18T11:19:23Z
  ✅ All treaty bindings verified across ecosystem
📜 TreatyGrid center coordination completed: 2026-06-18T12:58:57Z
  🦍 Gorilla holds the flame - Treaty alignment verified
♟️ Chess-Ledger synchronization check: 2026-06-18T12:58:57Z
  ✅ All treaty bindings verified across ecosystem
📜 TreatyGrid center coordination completed: 2026-06-18T15:00:16Z
  🦍 Gorilla holds the flame - Treaty alignment verified
♟️ Chess-Ledger synchronization check: 2026-06-18T15:00:16Z
  ✅ All treaty bindings verified across ecosystem
📜 TreatyGrid center coordination completed: 2026-06-18T18:43:06Z
  🦍 Gorilla holds the flame - Treaty alignment verified
♟️ Chess-Ledger synchronization check: 2026-06-18T18:43:06Z
  ✅ All treaty bindings verified across ecosystem
📜 TreatyGrid center coordination completed: 2026-06-18T20:45:07Z
  🦍 Gorilla holds the flame - Treaty alignment verified
♟️ Chess-Ledger synchronization check: 2026-06-18T20:45:08Z
  ✅ All treaty bindings verified across ecosystem
📜 TreatyGrid center coordination completed: 2026-06-18T22:35:14Z
  🦍 Gorilla holds the flame - Treaty alignment verified
♟️ Chess-Ledger synchronization check: 2026-06-18T22:35:14Z
  ✅ All treaty bindings verified across ecosystem
📜 TreatyGrid center coordination completed: 2026-06-19T00:29:31Z
  🦍 Gorilla holds the flame - Treaty alignment verified
♟️ Chess-Ledger synchronization check: 2026-06-19T00:29:31Z
  ✅ All treaty bindings verified across ecosystem
📜 TreatyGrid center coordination completed: 2026-06-19T03:00:52Z
  🦍 Gorilla holds the flame - Treaty alignment verified
♟️ Chess-Ledger synchronization check: 2026-06-19T03:00:52Z
  ✅ All treaty bindings verified across ecosystem
📜 TreatyGrid center coordination completed: 2026-06-19T05:38:27Z
  🦍 Gorilla holds the flame - Treaty alignment verified
♟️ Chess-Ledger synchronization check: 2026-06-19T05:38:27Z
  ✅ All treaty bindings verified across ecosystem
📜 TreatyGrid center coordination completed: 2026-06-19T07:42:10Z
  🦍 Gorilla holds the flame - Treaty alignment verified
♟️ Chess-Ledger synchronization check: 2026-06-19T07:42:10Z
  ✅ All treaty bindings verified across ecosystem
📜 TreatyGrid center coordination completed: 2026-06-19T09:28:50Z
  🦍 Gorilla holds the flame - Treaty alignment verified
♟️ Chess-Ledger synchronization check: 2026-06-19T09:28:50Z
  ✅ All treaty bindings verified across ecosystem
📜 TreatyGrid center coordination completed: 2026-06-19T11:28:06Z
  🦍 Gorilla holds the flame - Treaty alignment verified
♟️ Chess-Ledger synchronization check: 2026-06-19T11:28:06Z
  ✅ All treaty bindings verified across ecosystem
📜 TreatyGrid center coordination completed: 2026-06-19T13:03:29Z
  🦍 Gorilla holds the flame - Treaty alignment verified
♟️ Chess-Ledger synchronization check: 2026-06-19T13:03:29Z
  ✅ All treaty bindings verified across ecosystem
📜 TreatyGrid center coordination completed: 2026-06-19T14:59:52Z
  🦍 Gorilla holds the flame - Treaty alignment verified
♟️ Chess-Ledger synchronization check: 2026-06-19T14:59:52Z
  ✅ All treaty bindings verified across ecosystem
📜 TreatyGrid center coordination completed: 2026-06-19T16:46:18Z
  🦍 Gorilla holds the flame - Treaty alignment verified
♟️ Chess-Ledger synchronization check: 2026-06-19T16:46:18Z
  ✅ All treaty bindings verified across ecosystem
📜 TreatyGrid center coordination completed: 2026-06-19T18:30:23Z
  🦍 Gorilla holds the flame - Treaty alignment verified
♟️ Chess-Ledger synchronization check: 2026-06-19T18:30:24Z
  ✅ All treaty bindings verified across ecosystem
📜 TreatyGrid center coordination completed: 2026-06-19T20:28:16Z
  🦍 Gorilla holds the flame - Treaty alignment verified
♟️ Chess-Ledger synchronization check: 2026-06-19T20:28:16Z
  ✅ All treaty bindings verified across ecosystem
📜 TreatyGrid center coordination completed: 2026-06-20T00:21:42Z
  🦍 Gorilla holds the flame - Treaty alignment verified
♟️ Chess-Ledger synchronization check: 2026-06-20T00:21:42Z
  ✅ All treaty bindings verified across ecosystem
📜 TreatyGrid center coordination completed: 2026-06-20T02:59:49Z
  🦍 Gorilla holds the flame - Treaty alignment verified
♟️ Chess-Ledger synchronization check: 2026-06-20T02:59:49Z
  ✅ All treaty bindings verified across ecosystem
📜 TreatyGrid center coordination completed: 2026-06-20T05:25:28Z
  🦍 Gorilla holds the flame - Treaty alignment verified
♟️ Chess-Ledger synchronization check: 2026-06-20T05:25:28Z
  ✅ All treaty bindings verified across ecosystem
📜 TreatyGrid center coordination completed: 2026-06-20T07:13:05Z
  🦍 Gorilla holds the flame - Treaty alignment verified
♟️ Chess-Ledger synchronization check: 2026-06-20T07:13:05Z
  ✅ All treaty bindings verified across ecosystem
📜 TreatyGrid center coordination completed: 2026-06-20T08:59:14Z
  🦍 Gorilla holds the flame - Treaty alignment verified
♟️ Chess-Ledger synchronization check: 2026-06-20T08:59:14Z
  ✅ All treaty bindings verified across ecosystem
📜 TreatyGrid center coordination completed: 2026-06-20T10:45:39Z
  🦍 Gorilla holds the flame - Treaty alignment verified
♟️ Chess-Ledger synchronization check: 2026-06-20T10:45:39Z
  ✅ All treaty bindings verified across ecosystem
📜 TreatyGrid center coordination completed: 2026-06-20T12:28:26Z
  🦍 Gorilla holds the flame - Treaty alignment verified
♟️ Chess-Ledger synchronization check: 2026-06-20T12:28:26Z
  ✅ All treaty bindings verified across ecosystem
📜 TreatyGrid center coordination completed: 2026-06-20T14:42:59Z
  🦍 Gorilla holds the flame - Treaty alignment verified
♟️ Chess-Ledger synchronization check: 2026-06-20T14:42:59Z
  ✅ All treaty bindings verified across ecosystem
📜 TreatyGrid center coordination completed: 2026-06-20T16:27:08Z
  🦍 Gorilla holds the flame - Treaty alignment verified
♟️ Chess-Ledger synchronization check: 2026-06-20T16:27:08Z
  ✅ All treaty bindings verified across ecosystem
📜 TreatyGrid center coordination completed: 2026-06-20T20:25:01Z
  🦍 Gorilla holds the flame - Treaty alignment verified
♟️ Chess-Ledger synchronization check: 2026-06-20T20:25:01Z
  ✅ All treaty bindings verified across ecosystem
📜 TreatyGrid center coordination completed: 2026-06-20T22:22:45Z
  🦍 Gorilla holds the flame - Treaty alignment verified
♟️ Chess-Ledger synchronization check: 2026-06-20T22:22:45Z
  ✅ All treaty bindings verified across ecosystem
📜 TreatyGrid center coordination completed: 2026-06-21T00:22:17Z
  🦍 Gorilla holds the flame - Treaty alignment verified
♟️ Chess-Ledger synchronization check: 2026-06-21T00:22:17Z
  ✅ All treaty bindings verified across ecosystem
📜 TreatyGrid center coordination completed: 2026-06-21T03:00:36Z
  🦍 Gorilla holds the flame - Treaty alignment verified
♟️ Chess-Ledger synchronization check: 2026-06-21T03:00:36Z
  ✅ All treaty bindings verified across ecosystem
📜 TreatyGrid center coordination completed: 2026-06-21T07:29:57Z
  🦍 Gorilla holds the flame - Treaty alignment verified
♟️ Chess-Ledger synchronization check: 2026-06-21T07:29:57Z
  ✅ All treaty bindings verified across ecosystem
📜 TreatyGrid center coordination completed: 2026-06-21T09:10:29Z
  🦍 Gorilla holds the flame - Treaty alignment verified
♟️ Chess-Ledger synchronization check: 2026-06-21T09:10:29Z
  ✅ All treaty bindings verified across ecosystem
📜 TreatyGrid center coordination completed: 2026-06-21T11:00:47Z
  🦍 Gorilla holds the flame - Treaty alignment verified
♟️ Chess-Ledger synchronization check: 2026-06-21T11:00:47Z
  ✅ All treaty bindings verified across ecosystem
📜 TreatyGrid center coordination completed: 2026-06-21T12:32:57Z
  🦍 Gorilla holds the flame - Treaty alignment verified
♟️ Chess-Ledger synchronization check: 2026-06-21T12:32:57Z
  ✅ All treaty bindings verified across ecosystem
📜 TreatyGrid center coordination completed: 2026-06-21T14:43:36Z
  🦍 Gorilla holds the flame - Treaty alignment verified
♟️ Chess-Ledger synchronization check: 2026-06-21T14:43:36Z
  ✅ All treaty bindings verified across ecosystem
📜 TreatyGrid center coordination completed: 2026-06-21T16:29:47Z
  🦍 Gorilla holds the flame - Treaty alignment verified
♟️ Chess-Ledger synchronization check: 2026-06-21T16:29:47Z
  ✅ All treaty bindings verified across ecosystem
📜 TreatyGrid center coordination completed: 2026-06-21T18:26:00Z
  🦍 Gorilla holds the flame - Treaty alignment verified
♟️ Chess-Ledger synchronization check: 2026-06-21T18:26:00Z
  ✅ All treaty bindings verified across ecosystem
📜 TreatyGrid center coordination completed: 2026-06-21T20:28:07Z
  🦍 Gorilla holds the flame - Treaty alignment verified
♟️ Chess-Ledger synchronization check: 2026-06-21T20:28:07Z
  ✅ All treaty bindings verified across ecosystem
📜 TreatyGrid center coordination completed: 2026-06-21T22:23:12Z
  🦍 Gorilla holds the flame - Treaty alignment verified
♟️ Chess-Ledger synchronization check: 2026-06-21T22:23:12Z
  ✅ All treaty bindings verified across ecosystem
📜 TreatyGrid center coordination completed: 2026-06-22T00:23:12Z
  🦍 Gorilla holds the flame - Treaty alignment verified
♟️ Chess-Ledger synchronization check: 2026-06-22T00:23:12Z
  ✅ All treaty bindings verified across ecosystem
📜 TreatyGrid center coordination completed: 2026-06-22T03:00:49Z
  🦍 Gorilla holds the flame - Treaty alignment verified
♟️ Chess-Ledger synchronization check: 2026-06-22T03:00:49Z
  ✅ All treaty bindings verified across ecosystem
📜 TreatyGrid center coordination completed: 2026-06-22T05:43:00Z
  🦍 Gorilla holds the flame - Treaty alignment verified
♟️ Chess-Ledger synchronization check: 2026-06-22T05:43:00Z
  ✅ All treaty bindings verified across ecosystem
📜 TreatyGrid center coordination completed: 2026-06-22T07:46:12Z
  🦍 Gorilla holds the flame - Treaty alignment verified
♟️ Chess-Ledger synchronization check: 2026-06-22T07:46:12Z
  ✅ All treaty bindings verified across ecosystem
📜 TreatyGrid center coordination completed: 2026-06-22T09:54:06Z
  🦍 Gorilla holds the flame - Treaty alignment verified
♟️ Chess-Ledger synchronization check: 2026-06-22T09:54:06Z
  ✅ All treaty bindings verified across ecosystem
📜 TreatyGrid center coordination completed: 2026-06-22T11:59:19Z
  🦍 Gorilla holds the flame - Treaty alignment verified
♟️ Chess-Ledger synchronization check: 2026-06-22T11:59:19Z
  ✅ All treaty bindings verified across ecosystem
📜 TreatyGrid center coordination completed: 2026-06-22T14:02:54Z
  🦍 Gorilla holds the flame - Treaty alignment verified
♟️ Chess-Ledger synchronization check: 2026-06-22T14:02:54Z
  ✅ All treaty bindings verified across ecosystem
📜 TreatyGrid center coordination completed: 2026-06-22T17:30:11Z
  🦍 Gorilla holds the flame - Treaty alignment verified
♟️ Chess-Ledger synchronization check: 2026-06-22T17:30:11Z
  ✅ All treaty bindings verified across ecosystem
📜 TreatyGrid center coordination completed: 2026-06-22T19:02:14Z
  🦍 Gorilla holds the flame - Treaty alignment verified
♟️ Chess-Ledger synchronization check: 2026-06-22T19:02:14Z
  ✅ All treaty bindings verified across ecosystem
📜 TreatyGrid center coordination completed: 2026-06-22T20:58:17Z
  🦍 Gorilla holds the flame - Treaty alignment verified
♟️ Chess-Ledger synchronization check: 2026-06-22T20:58:17Z
  ✅ All treaty bindings verified across ecosystem
📜 TreatyGrid center coordination completed: 2026-06-22T22:31:27Z
  🦍 Gorilla holds the flame - Treaty alignment verified
♟️ Chess-Ledger synchronization check: 2026-06-22T22:31:27Z
  ✅ All treaty bindings verified across ecosystem
📜 TreatyGrid center coordination completed: 2026-06-23T00:22:18Z
  🦍 Gorilla holds the flame - Treaty alignment verified
♟️ Chess-Ledger synchronization check: 2026-06-23T00:22:18Z
  ✅ All treaty bindings verified across ecosystem
📜 TreatyGrid center coordination completed: 2026-06-23T02:59:33Z
  🦍 Gorilla holds the flame - Treaty alignment verified
♟️ Chess-Ledger synchronization check: 2026-06-23T02:59:33Z
  ✅ All treaty bindings verified across ecosystem
📜 TreatyGrid center coordination completed: 2026-06-23T05:16:42Z
  🦍 Gorilla holds the flame - Treaty alignment verified
♟️ Chess-Ledger synchronization check: 2026-06-23T05:16:42Z
  ✅ All treaty bindings verified across ecosystem
📜 TreatyGrid center coordination completed: 2026-06-23T07:06:11Z
  🦍 Gorilla holds the flame - Treaty alignment verified
♟️ Chess-Ledger synchronization check: 2026-06-23T07:06:11Z
  ✅ All treaty bindings verified across ecosystem
📜 TreatyGrid center coordination completed: 2026-06-23T09:01:03Z
  🦍 Gorilla holds the flame - Treaty alignment verified
♟️ Chess-Ledger synchronization check: 2026-06-23T09:01:03Z
  ✅ All treaty bindings verified across ecosystem
📜 TreatyGrid center coordination completed: 2026-06-23T11:00:06Z
  🦍 Gorilla holds the flame - Treaty alignment verified
♟️ Chess-Ledger synchronization check: 2026-06-23T11:00:06Z
  ✅ All treaty bindings verified across ecosystem
📜 TreatyGrid center coordination completed: 2026-06-23T12:49:31Z
  🦍 Gorilla holds the flame - Treaty alignment verified
♟️ Chess-Ledger synchronization check: 2026-06-23T12:49:31Z
  ✅ All treaty bindings verified across ecosystem
📜 TreatyGrid center coordination completed: 2026-06-23T14:58:41Z
  🦍 Gorilla holds the flame - Treaty alignment verified
♟️ Chess-Ledger synchronization check: 2026-06-23T14:58:41Z
  ✅ All treaty bindings verified across ecosystem
📜 TreatyGrid center coordination completed: 2026-06-23T16:46:15Z
  🦍 Gorilla holds the flame - Treaty alignment verified
♟️ Chess-Ledger synchronization check: 2026-06-23T16:46:15Z
  ✅ All treaty bindings verified across ecosystem
📜 TreatyGrid center coordination completed: 2026-06-23T18:34:56Z
  🦍 Gorilla holds the flame - Treaty alignment verified
♟️ Chess-Ledger synchronization check: 2026-06-23T18:34:56Z
  ✅ All treaty bindings verified across ecosystem
📜 TreatyGrid center coordination completed: 2026-06-23T20:38:46Z
  🦍 Gorilla holds the flame - Treaty alignment verified
♟️ Chess-Ledger synchronization check: 2026-06-23T20:38:46Z
  ✅ All treaty bindings verified across ecosystem
📜 TreatyGrid center coordination completed: 2026-06-24T00:17:13Z
  🦍 Gorilla holds the flame - Treaty alignment verified
♟️ Chess-Ledger synchronization check: 2026-06-24T00:17:13Z
  ✅ All treaty bindings verified across ecosystem
📜 TreatyGrid center coordination completed: 2026-06-24T02:59:47Z
  🦍 Gorilla holds the flame - Treaty alignment verified
♟️ Chess-Ledger synchronization check: 2026-06-24T02:59:47Z
  ✅ All treaty bindings verified across ecosystem
📜 TreatyGrid center coordination completed: 2026-06-24T05:16:02Z
  🦍 Gorilla holds the flame - Treaty alignment verified
♟️ Chess-Ledger synchronization check: 2026-06-24T05:16:02Z
  ✅ All treaty bindings verified across ecosystem
📜 TreatyGrid center coordination completed: 2026-06-24T07:03:01Z
  🦍 Gorilla holds the flame - Treaty alignment verified
♟️ Chess-Ledger synchronization check: 2026-06-24T07:03:01Z
  ✅ All treaty bindings verified across ecosystem
📜 TreatyGrid center coordination completed: 2026-06-24T10:57:52Z
  🦍 Gorilla holds the flame - Treaty alignment verified
♟️ Chess-Ledger synchronization check: 2026-06-24T10:57:52Z
  ✅ All treaty bindings verified across ecosystem
📜 TreatyGrid center coordination completed: 2026-06-24T12:38:08Z
  🦍 Gorilla holds the flame - Treaty alignment verified
♟️ Chess-Ledger synchronization check: 2026-06-24T12:38:08Z
  ✅ All treaty bindings verified across ecosystem
📜 TreatyGrid center coordination completed: 2026-06-24T16:39:41Z
  🦍 Gorilla holds the flame - Treaty alignment verified
♟️ Chess-Ledger synchronization check: 2026-06-24T16:39:41Z
  ✅ All treaty bindings verified across ecosystem
📜 TreatyGrid center coordination completed: 2026-06-24T18:30:30Z
  🦍 Gorilla holds the flame - Treaty alignment verified
♟️ Chess-Ledger synchronization check: 2026-06-24T18:30:30Z
  ✅ All treaty bindings verified across ecosystem
📜 TreatyGrid center coordination completed: 2026-06-24T20:30:47Z
  🦍 Gorilla holds the flame - Treaty alignment verified
♟️ Chess-Ledger synchronization check: 2026-06-24T20:30:47Z
  ✅ All treaty bindings verified across ecosystem
📜 TreatyGrid center coordination completed: 2026-06-24T22:25:45Z
  🦍 Gorilla holds the flame - Treaty alignment verified
♟️ Chess-Ledger synchronization check: 2026-06-24T22:25:45Z
  ✅ All treaty bindings verified across ecosystem
📜 TreatyGrid center coordination completed: 2026-06-25T00:22:26Z
  🦍 Gorilla holds the flame - Treaty alignment verified
♟️ Chess-Ledger synchronization check: 2026-06-25T00:22:26Z
  ✅ All treaty bindings verified across ecosystem
📜 TreatyGrid center coordination completed: 2026-06-25T02:59:39Z
  🦍 Gorilla holds the flame - Treaty alignment verified
♟️ Chess-Ledger synchronization check: 2026-06-25T02:59:39Z
  ✅ All treaty bindings verified across ecosystem
📜 TreatyGrid center coordination completed: 2026-06-25T05:16:53Z
  🦍 Gorilla holds the flame - Treaty alignment verified
♟️ Chess-Ledger synchronization check: 2026-06-25T05:16:53Z
  ✅ All treaty bindings verified across ecosystem
📜 TreatyGrid center coordination completed: 2026-06-25T07:03:14Z
  🦍 Gorilla holds the flame - Treaty alignment verified
♟️ Chess-Ledger synchronization check: 2026-06-25T07:03:14Z
  ✅ All treaty bindings verified across ecosystem
📜 TreatyGrid center coordination completed: 2026-06-25T08:59:54Z
  🦍 Gorilla holds the flame - Treaty alignment verified
♟️ Chess-Ledger synchronization check: 2026-06-25T08:59:54Z
  ✅ All treaty bindings verified across ecosystem
📜 TreatyGrid center coordination completed: 2026-06-25T10:53:40Z
  🦍 Gorilla holds the flame - Treaty alignment verified
♟️ Chess-Ledger synchronization check: 2026-06-25T10:53:40Z
  ✅ All treaty bindings verified across ecosystem
📜 TreatyGrid center coordination completed: 2026-06-25T12:40:06Z
  🦍 Gorilla holds the flame - Treaty alignment verified
♟️ Chess-Ledger synchronization check: 2026-06-25T12:40:06Z
  ✅ All treaty bindings verified across ecosystem
📜 TreatyGrid center coordination completed: 2026-06-25T14:54:31Z
  🦍 Gorilla holds the flame - Treaty alignment verified
♟️ Chess-Ledger synchronization check: 2026-06-25T14:54:31Z
  ✅ All treaty bindings verified across ecosystem
📜 TreatyGrid center coordination completed: 2026-06-25T16:41:56Z
  🦍 Gorilla holds the flame - Treaty alignment verified
♟️ Chess-Ledger synchronization check: 2026-06-25T16:41:56Z
  ✅ All treaty bindings verified across ecosystem
📜 TreatyGrid center coordination completed: 2026-06-25T18:38:34Z
  🦍 Gorilla holds the flame - Treaty alignment verified
♟️ Chess-Ledger synchronization check: 2026-06-25T18:38:34Z
  ✅ All treaty bindings verified across ecosystem
📜 TreatyGrid center coordination completed: 2026-06-25T22:27:17Z
  🦍 Gorilla holds the flame - Treaty alignment verified
♟️ Chess-Ledger synchronization check: 2026-06-25T22:27:17Z
  ✅ All treaty bindings verified across ecosystem
📜 TreatyGrid center coordination completed: 2026-06-26T00:23:25Z
  🦍 Gorilla holds the flame - Treaty alignment verified
♟️ Chess-Ledger synchronization check: 2026-06-26T00:23:25Z
  ✅ All treaty bindings verified across ecosystem
📜 TreatyGrid center coordination completed: 2026-06-26T03:00:11Z
  🦍 Gorilla holds the flame - Treaty alignment verified
♟️ Chess-Ledger synchronization check: 2026-06-26T03:00:11Z
  ✅ All treaty bindings verified across ecosystem
📜 TreatyGrid center coordination completed: 2026-06-26T05:21:58Z
  🦍 Gorilla holds the flame - Treaty alignment verified
♟️ Chess-Ledger synchronization check: 2026-06-26T05:21:58Z
  ✅ All treaty bindings verified across ecosystem
📜 TreatyGrid center coordination completed: 2026-06-26T07:09:26Z
  🦍 Gorilla holds the flame - Treaty alignment verified
♟️ Chess-Ledger synchronization check: 2026-06-26T07:09:26Z
  ✅ All treaty bindings verified across ecosystem
📜 TreatyGrid center coordination completed: 2026-06-26T08:59:38Z
  🦍 Gorilla holds the flame - Treaty alignment verified
♟️ Chess-Ledger synchronization check: 2026-06-26T08:59:38Z
  ✅ All treaty bindings verified across ecosystem
📜 TreatyGrid center coordination completed: 2026-06-26T10:57:47Z
  🦍 Gorilla holds the flame - Treaty alignment verified
♟️ Chess-Ledger synchronization check: 2026-06-26T10:57:47Z
  ✅ All treaty bindings verified across ecosystem
📜 TreatyGrid center coordination completed: 2026-06-26T12:35:16Z
  🦍 Gorilla holds the flame - Treaty alignment verified
♟️ Chess-Ledger synchronization check: 2026-06-26T12:35:16Z
  ✅ All treaty bindings verified across ecosystem
📜 TreatyGrid center coordination completed: 2026-06-26T14:49:26Z
  🦍 Gorilla holds the flame - Treaty alignment verified
♟️ Chess-Ledger synchronization check: 2026-06-26T14:49:26Z
  ✅ All treaty bindings verified across ecosystem
📜 TreatyGrid center coordination completed: 2026-06-26T16:35:38Z
  🦍 Gorilla holds the flame - Treaty alignment verified
♟️ Chess-Ledger synchronization check: 2026-06-26T16:35:38Z
  ✅ All treaty bindings verified across ecosystem
📜 TreatyGrid center coordination completed: 2026-06-26T18:29:55Z
  🦍 Gorilla holds the flame - Treaty alignment verified
♟️ Chess-Ledger synchronization check: 2026-06-26T18:29:55Z
  ✅ All treaty bindings verified across ecosystem
📜 TreatyGrid center coordination completed: 2026-06-26T20:30:21Z
  🦍 Gorilla holds the flame - Treaty alignment verified
♟️ Chess-Ledger synchronization check: 2026-06-26T20:30:21Z
  ✅ All treaty bindings verified across ecosystem
📜 TreatyGrid center coordination completed: 2026-06-26T22:22:55Z
  🦍 Gorilla holds the flame - Treaty alignment verified
♟️ Chess-Ledger synchronization check: 2026-06-26T22:22:55Z
  ✅ All treaty bindings verified across ecosystem
📜 TreatyGrid center coordination completed: 2026-06-27T00:21:29Z
  🦍 Gorilla holds the flame - Treaty alignment verified
♟️ Chess-Ledger synchronization check: 2026-06-27T00:21:29Z
  ✅ All treaty bindings verified across ecosystem
📜 TreatyGrid center coordination completed: 2026-06-27T02:59:25Z
  🦍 Gorilla holds the flame - Treaty alignment verified
♟️ Chess-Ledger synchronization check: 2026-06-27T02:59:25Z
  ✅ All treaty bindings verified across ecosystem
📜 TreatyGrid center coordination completed: 2026-06-27T05:13:51Z
  🦍 Gorilla holds the flame - Treaty alignment verified
♟️ Chess-Ledger synchronization check: 2026-06-27T05:13:51Z
  ✅ All treaty bindings verified across ecosystem
📜 TreatyGrid center coordination completed: 2026-06-27T06:58:00Z
  🦍 Gorilla holds the flame - Treaty alignment verified
♟️ Chess-Ledger synchronization check: 2026-06-27T06:58:00Z
  ✅ All treaty bindings verified across ecosystem
📜 TreatyGrid center coordination completed: 2026-06-27T08:51:11Z
  🦍 Gorilla holds the flame - Treaty alignment verified
♟️ Chess-Ledger synchronization check: 2026-06-27T08:51:11Z
  ✅ All treaty bindings verified across ecosystem
📜 TreatyGrid center coordination completed: 2026-06-27T10:36:33Z
  🦍 Gorilla holds the flame - Treaty alignment verified
♟️ Chess-Ledger synchronization check: 2026-06-27T10:36:33Z
  ✅ All treaty bindings verified across ecosystem
📜 TreatyGrid center coordination completed: 2026-06-27T12:20:40Z
  🦍 Gorilla holds the flame - Treaty alignment verified
♟️ Chess-Ledger synchronization check: 2026-06-27T12:20:40Z
  ✅ All treaty bindings verified across ecosystem
📜 TreatyGrid center coordination completed: 2026-06-27T16:20:49Z
  🦍 Gorilla holds the flame - Treaty alignment verified
♟️ Chess-Ledger synchronization check: 2026-06-27T16:20:49Z
  ✅ All treaty bindings verified across ecosystem
📜 TreatyGrid center coordination completed: 2026-06-27T18:20:10Z
  🦍 Gorilla holds the flame - Treaty alignment verified
♟️ Chess-Ledger synchronization check: 2026-06-27T18:20:10Z
  ✅ All treaty bindings verified across ecosystem
📜 TreatyGrid center coordination completed: 2026-06-27T20:20:54Z
  🦍 Gorilla holds the flame - Treaty alignment verified
♟️ Chess-Ledger synchronization check: 2026-06-27T20:20:54Z
  ✅ All treaty bindings verified across ecosystem
📜 TreatyGrid center coordination completed: 2026-06-27T22:19:20Z
  🦍 Gorilla holds the flame - Treaty alignment verified
♟️ Chess-Ledger synchronization check: 2026-06-27T22:19:20Z
  ✅ All treaty bindings verified across ecosystem
📜 TreatyGrid center coordination completed: 2026-06-28T00:19:00Z
  🦍 Gorilla holds the flame - Treaty alignment verified
♟️ Chess-Ledger synchronization check: 2026-06-28T00:19:00Z
  ✅ All treaty bindings verified across ecosystem
📜 TreatyGrid center coordination completed: 2026-06-28T03:00:11Z
  🦍 Gorilla holds the flame - Treaty alignment verified
♟️ Chess-Ledger synchronization check: 2026-06-28T03:00:11Z
  ✅ All treaty bindings verified across ecosystem
📜 TreatyGrid center coordination completed: 2026-06-28T05:26:08Z
  🦍 Gorilla holds the flame - Treaty alignment verified
♟️ Chess-Ledger synchronization check: 2026-06-28T05:26:08Z
  ✅ All treaty bindings verified across ecosystem
📜 TreatyGrid center coordination completed: 2026-06-28T07:14:10Z
  🦍 Gorilla holds the flame - Treaty alignment verified
♟️ Chess-Ledger synchronization check: 2026-06-28T07:14:10Z
  ✅ All treaty bindings verified across ecosystem
📜 TreatyGrid center coordination completed: 2026-06-28T08:58:29Z
  🦍 Gorilla holds the flame - Treaty alignment verified
♟️ Chess-Ledger synchronization check: 2026-06-28T08:58:29Z
  ✅ All treaty bindings verified across ecosystem
📜 TreatyGrid center coordination completed: 2026-06-28T10:42:11Z
  🦍 Gorilla holds the flame - Treaty alignment verified
♟️ Chess-Ledger synchronization check: 2026-06-28T10:42:11Z
  ✅ All treaty bindings verified across ecosystem
📜 TreatyGrid center coordination completed: 2026-06-28T12:21:23Z
  🦍 Gorilla holds the flame - Treaty alignment verified
♟️ Chess-Ledger synchronization check: 2026-06-28T12:21:23Z
  ✅ All treaty bindings verified across ecosystem
📜 TreatyGrid center coordination completed: 2026-06-28T14:31:13Z
  🦍 Gorilla holds the flame - Treaty alignment verified
♟️ Chess-Ledger synchronization check: 2026-06-28T14:31:13Z
  ✅ All treaty bindings verified across ecosystem
📜 TreatyGrid center coordination completed: 2026-06-28T16:23:04Z
  🦍 Gorilla holds the flame - Treaty alignment verified
♟️ Chess-Ledger synchronization check: 2026-06-28T16:23:04Z
  ✅ All treaty bindings verified across ecosystem
📜 TreatyGrid center coordination completed: 2026-06-28T18:20:01Z
  🦍 Gorilla holds the flame - Treaty alignment verified
♟️ Chess-Ledger synchronization check: 2026-06-28T18:20:01Z
  ✅ All treaty bindings verified across ecosystem
📜 TreatyGrid center coordination completed: 2026-06-28T20:23:22Z
  🦍 Gorilla holds the flame - Treaty alignment verified
♟️ Chess-Ledger synchronization check: 2026-06-28T20:23:22Z
  ✅ All treaty bindings verified across ecosystem
📜 TreatyGrid center coordination completed: 2026-06-28T22:18:54Z
  🦍 Gorilla holds the flame - Treaty alignment verified
♟️ Chess-Ledger synchronization check: 2026-06-28T22:18:54Z
  ✅ All treaty bindings verified across ecosystem
📜 TreatyGrid center coordination completed: 2026-06-29T00:21:07Z
  🦍 Gorilla holds the flame - Treaty alignment verified
♟️ Chess-Ledger synchronization check: 2026-06-29T00:21:07Z
  ✅ All treaty bindings verified across ecosystem
📜 TreatyGrid center coordination completed: 2026-06-29T02:59:56Z
  🦍 Gorilla holds the flame - Treaty alignment verified
♟️ Chess-Ledger synchronization check: 2026-06-29T02:59:56Z
  ✅ All treaty bindings verified across ecosystem
📜 TreatyGrid center coordination completed: 2026-06-29T05:29:37Z
  🦍 Gorilla holds the flame - Treaty alignment verified
♟️ Chess-Ledger synchronization check: 2026-06-29T05:29:37Z
  ✅ All treaty bindings verified across ecosystem
📜 TreatyGrid center coordination completed: 2026-06-29T07:29:28Z
  🦍 Gorilla holds the flame - Treaty alignment verified
♟️ Chess-Ledger synchronization check: 2026-06-29T07:29:28Z
  ✅ All treaty bindings verified across ecosystem
📜 TreatyGrid center coordination completed: 2026-06-29T09:28:52Z
  🦍 Gorilla holds the flame - Treaty alignment verified
♟️ Chess-Ledger synchronization check: 2026-06-29T09:28:52Z
  ✅ All treaty bindings verified across ecosystem
📜 TreatyGrid center coordination completed: 2026-06-29T11:36:20Z
  🦍 Gorilla holds the flame - Treaty alignment verified
♟️ Chess-Ledger synchronization check: 2026-06-29T11:36:20Z
  ✅ All treaty bindings verified across ecosystem
📜 TreatyGrid center coordination completed: 2026-06-29T13:18:17Z
  🦍 Gorilla holds the flame - Treaty alignment verified
♟️ Chess-Ledger synchronization check: 2026-06-29T13:18:17Z
  ✅ All treaty bindings verified across ecosystem
📜 TreatyGrid center coordination completed: 2026-06-29T16:57:12Z
  🦍 Gorilla holds the flame - Treaty alignment verified
♟️ Chess-Ledger synchronization check: 2026-06-29T16:57:13Z
  ✅ All treaty bindings verified across ecosystem
📜 TreatyGrid center coordination completed: 2026-06-29T18:35:08Z
  🦍 Gorilla holds the flame - Treaty alignment verified
♟️ Chess-Ledger synchronization check: 2026-06-29T18:35:08Z
  ✅ All treaty bindings verified across ecosystem
📜 TreatyGrid center coordination completed: 2026-06-29T20:33:28Z
  🦍 Gorilla holds the flame - Treaty alignment verified
♟️ Chess-Ledger synchronization check: 2026-06-29T20:33:28Z
  ✅ All treaty bindings verified across ecosystem
📜 TreatyGrid center coordination completed: 2026-06-29T22:21:24Z
  🦍 Gorilla holds the flame - Treaty alignment verified
♟️ Chess-Ledger synchronization check: 2026-06-29T22:21:24Z
  ✅ All treaty bindings verified across ecosystem
📜 TreatyGrid center coordination completed: 2026-06-30T00:21:15Z
  🦍 Gorilla holds the flame - Treaty alignment verified
♟️ Chess-Ledger synchronization check: 2026-06-30T00:21:15Z
  ✅ All treaty bindings verified across ecosystem
📜 TreatyGrid center coordination completed: 2026-06-30T02:59:55Z
  🦍 Gorilla holds the flame - Treaty alignment verified
♟️ Chess-Ledger synchronization check: 2026-06-30T02:59:55Z
  ✅ All treaty bindings verified across ecosystem
📜 TreatyGrid center coordination completed: 2026-06-30T05:18:36Z
  🦍 Gorilla holds the flame - Treaty alignment verified
♟️ Chess-Ledger synchronization check: 2026-06-30T05:18:36Z
  ✅ All treaty bindings verified across ecosystem
📜 TreatyGrid center coordination completed: 2026-06-30T07:09:37Z
  🦍 Gorilla holds the flame - Treaty alignment verified
♟️ Chess-Ledger synchronization check: 2026-06-30T07:09:37Z
  ✅ All treaty bindings verified across ecosystem
📜 TreatyGrid center coordination completed: 2026-06-30T09:00:31Z
  🦍 Gorilla holds the flame - Treaty alignment verified
♟️ Chess-Ledger synchronization check: 2026-06-30T09:00:31Z
  ✅ All treaty bindings verified across ecosystem
📜 TreatyGrid center coordination completed: 2026-06-30T10:59:03Z
  🦍 Gorilla holds the flame - Treaty alignment verified
♟️ Chess-Ledger synchronization check: 2026-06-30T10:59:03Z
  ✅ All treaty bindings verified across ecosystem
📜 TreatyGrid center coordination completed: 2026-06-30T12:33:44Z
  🦍 Gorilla holds the flame - Treaty alignment verified
♟️ Chess-Ledger synchronization check: 2026-06-30T12:33:44Z
  ✅ All treaty bindings verified across ecosystem
📜 TreatyGrid center coordination completed: 2026-06-30T14:47:30Z
  🦍 Gorilla holds the flame - Treaty alignment verified
♟️ Chess-Ledger synchronization check: 2026-06-30T14:47:30Z
  ✅ All treaty bindings verified across ecosystem
📜 TreatyGrid center coordination completed: 2026-06-30T16:39:22Z
  🦍 Gorilla holds the flame - Treaty alignment verified
♟️ Chess-Ledger synchronization check: 2026-06-30T16:39:22Z
  ✅ All treaty bindings verified across ecosystem
📜 TreatyGrid center coordination completed: 2026-06-30T18:30:44Z
  🦍 Gorilla holds the flame - Treaty alignment verified
♟️ Chess-Ledger synchronization check: 2026-06-30T18:30:44Z
  ✅ All treaty bindings verified across ecosystem
📜 TreatyGrid center coordination completed: 2026-06-30T20:34:11Z
  🦍 Gorilla holds the flame - Treaty alignment verified
♟️ Chess-Ledger synchronization check: 2026-06-30T20:34:11Z
  ✅ All treaty bindings verified across ecosystem
📜 TreatyGrid center coordination completed: 2026-07-01T00:22:35Z
  🦍 Gorilla holds the flame - Treaty alignment verified
♟️ Chess-Ledger synchronization check: 2026-07-01T00:22:35Z
  ✅ All treaty bindings verified across ecosystem
📜 TreatyGrid center coordination completed: 2026-07-01T03:00:03Z
  🦍 Gorilla holds the flame - Treaty alignment verified
♟️ Chess-Ledger synchronization check: 2026-07-01T03:00:03Z
  ✅ All treaty bindings verified across ecosystem
📜 TreatyGrid center coordination completed: 2026-07-01T05:28:11Z
  🦍 Gorilla holds the flame - Treaty alignment verified
♟️ Chess-Ledger synchronization check: 2026-07-01T05:28:11Z
  ✅ All treaty bindings verified across ecosystem
📜 TreatyGrid center coordination completed: 2026-07-01T07:21:12Z
  🦍 Gorilla holds the flame - Treaty alignment verified
♟️ Chess-Ledger synchronization check: 2026-07-01T07:21:12Z
  ✅ All treaty bindings verified across ecosystem
📜 TreatyGrid center coordination completed: 2026-07-01T09:02:22Z
  🦍 Gorilla holds the flame - Treaty alignment verified
♟️ Chess-Ledger synchronization check: 2026-07-01T09:02:22Z
  ✅ All treaty bindings verified across ecosystem
📜 TreatyGrid center coordination completed: 2026-07-01T11:01:17Z
  🦍 Gorilla holds the flame - Treaty alignment verified
♟️ Chess-Ledger synchronization check: 2026-07-01T11:01:17Z
  ✅ All treaty bindings verified across ecosystem
📜 TreatyGrid center coordination completed: 2026-07-01T12:50:07Z
  🦍 Gorilla holds the flame - Treaty alignment verified
♟️ Chess-Ledger synchronization check: 2026-07-01T12:50:07Z
  ✅ All treaty bindings verified across ecosystem
📜 TreatyGrid center coordination completed: 2026-07-01T14:55:10Z
  🦍 Gorilla holds the flame - Treaty alignment verified
♟️ Chess-Ledger synchronization check: 2026-07-01T14:55:10Z
  ✅ All treaty bindings verified across ecosystem
📜 TreatyGrid center coordination completed: 2026-07-01T16:44:31Z
  🦍 Gorilla holds the flame - Treaty alignment verified
♟️ Chess-Ledger synchronization check: 2026-07-01T16:44:31Z
  ✅ All treaty bindings verified across ecosystem
📜 TreatyGrid center coordination completed: 2026-07-01T18:33:47Z
  🦍 Gorilla holds the flame - Treaty alignment verified
♟️ Chess-Ledger synchronization check: 2026-07-01T18:33:47Z
  ✅ All treaty bindings verified across ecosystem
📜 TreatyGrid center coordination completed: 2026-07-01T20:31:49Z
  🦍 Gorilla holds the flame - Treaty alignment verified
♟️ Chess-Ledger synchronization check: 2026-07-01T20:31:49Z
  ✅ All treaty bindings verified across ecosystem
📜 TreatyGrid center coordination completed: 2026-07-01T22:25:13Z
  🦍 Gorilla holds the flame - Treaty alignment verified
♟️ Chess-Ledger synchronization check: 2026-07-01T22:25:14Z
  ✅ All treaty bindings verified across ecosystem
📜 TreatyGrid center coordination completed: 2026-07-02T00:22:42Z
  🦍 Gorilla holds the flame - Treaty alignment verified
♟️ Chess-Ledger synchronization check: 2026-07-02T00:22:42Z
  ✅ All treaty bindings verified across ecosystem
📜 TreatyGrid center coordination completed: 2026-07-02T05:45:30Z
  🦍 Gorilla holds the flame - Treaty alignment verified
♟️ Chess-Ledger synchronization check: 2026-07-02T05:45:30Z
  ✅ All treaty bindings verified across ecosystem
📜 TreatyGrid center coordination completed: 2026-07-02T08:36:54Z
  🦍 Gorilla holds the flame - Treaty alignment verified
♟️ Chess-Ledger synchronization check: 2026-07-02T08:36:54Z
  ✅ All treaty bindings verified across ecosystem
📜 TreatyGrid center coordination completed: 2026-07-02T11:59:57Z
  🦍 Gorilla holds the flame - Treaty alignment verified
♟️ Chess-Ledger synchronization check: 2026-07-02T11:59:57Z
  ✅ All treaty bindings verified across ecosystem
📜 TreatyGrid center coordination completed: 2026-07-02T13:52:06Z
  🦍 Gorilla holds the flame - Treaty alignment verified
♟️ Chess-Ledger synchronization check: 2026-07-02T13:52:06Z
  ✅ All treaty bindings verified across ecosystem
📜 TreatyGrid center coordination completed: 2026-07-02T15:58:04Z
  🦍 Gorilla holds the flame - Treaty alignment verified
♟️ Chess-Ledger synchronization check: 2026-07-02T15:58:05Z
  ✅ All treaty bindings verified across ecosystem
📜 TreatyGrid center coordination completed: 2026-07-02T17:28:42Z
  🦍 Gorilla holds the flame - Treaty alignment verified
♟️ Chess-Ledger synchronization check: 2026-07-02T17:28:42Z
  ✅ All treaty bindings verified across ecosystem
📜 TreatyGrid center coordination completed: 2026-07-02T19:03:56Z
  🦍 Gorilla holds the flame - Treaty alignment verified
♟️ Chess-Ledger synchronization check: 2026-07-02T19:03:56Z
  ✅ All treaty bindings verified across ecosystem
📜 TreatyGrid center coordination completed: 2026-07-02T20:48:28Z
  🦍 Gorilla holds the flame - Treaty alignment verified
♟️ Chess-Ledger synchronization check: 2026-07-02T20:48:28Z
  ✅ All treaty bindings verified across ecosystem
📜 TreatyGrid center coordination completed: 2026-07-02T22:53:02Z
  🦍 Gorilla holds the flame - Treaty alignment verified
♟️ Chess-Ledger synchronization check: 2026-07-02T22:53:02Z
  ✅ All treaty bindings verified across ecosystem
📜 TreatyGrid center coordination completed: 2026-07-03T01:24:31Z
  🦍 Gorilla holds the flame - Treaty alignment verified
♟️ Chess-Ledger synchronization check: 2026-07-03T01:24:31Z
  ✅ All treaty bindings verified across ecosystem
📜 TreatyGrid center coordination completed: 2026-07-03T05:38:21Z
  🦍 Gorilla holds the flame - Treaty alignment verified
♟️ Chess-Ledger synchronization check: 2026-07-03T05:38:21Z
  ✅ All treaty bindings verified across ecosystem
📜 TreatyGrid center coordination completed: 2026-07-03T08:41:44Z
  🦍 Gorilla holds the flame - Treaty alignment verified
♟️ Chess-Ledger synchronization check: 2026-07-03T08:41:44Z
  ✅ All treaty bindings verified across ecosystem
📜 TreatyGrid center coordination completed: 2026-07-03T11:58:04Z
  🦍 Gorilla holds the flame - Treaty alignment verified
♟️ Chess-Ledger synchronization check: 2026-07-03T11:58:04Z
  ✅ All treaty bindings verified across ecosystem
📜 TreatyGrid center coordination completed: 2026-07-03T13:45:09Z
  🦍 Gorilla holds the flame - Treaty alignment verified
♟️ Chess-Ledger synchronization check: 2026-07-03T13:45:09Z
  ✅ All treaty bindings verified across ecosystem
📜 TreatyGrid center coordination completed: 2026-07-03T15:45:52Z
  🦍 Gorilla holds the flame - Treaty alignment verified
♟️ Chess-Ledger synchronization check: 2026-07-03T15:45:52Z
  ✅ All treaty bindings verified across ecosystem
📜 TreatyGrid center coordination completed: 2026-07-03T17:07:40Z
  🦍 Gorilla holds the flame - Treaty alignment verified
♟️ Chess-Ledger synchronization check: 2026-07-03T17:07:40Z
  ✅ All treaty bindings verified across ecosystem
📜 TreatyGrid center coordination completed: 2026-07-03T18:56:01Z
  🦍 Gorilla holds the flame - Treaty alignment verified
♟️ Chess-Ledger synchronization check: 2026-07-03T18:56:01Z
  ✅ All treaty bindings verified across ecosystem
📜 TreatyGrid center coordination completed: 2026-07-03T20:49:26Z
  🦍 Gorilla holds the flame - Treaty alignment verified
♟️ Chess-Ledger synchronization check: 2026-07-03T20:49:26Z
  ✅ All treaty bindings verified across ecosystem
📜 TreatyGrid center coordination completed: 2026-07-03T22:49:39Z
  🦍 Gorilla holds the flame - Treaty alignment verified
♟️ Chess-Ledger synchronization check: 2026-07-03T22:49:39Z
  ✅ All treaty bindings verified across ecosystem
📜 TreatyGrid center coordination completed: 2026-07-04T01:23:59Z
  🦍 Gorilla holds the flame - Treaty alignment verified
♟️ Chess-Ledger synchronization check: 2026-07-04T01:24:00Z
  ✅ All treaty bindings verified across ecosystem
📜 TreatyGrid center coordination completed: 2026-07-04T05:32:08Z
  🦍 Gorilla holds the flame - Treaty alignment verified
♟️ Chess-Ledger synchronization check: 2026-07-04T05:32:08Z
  ✅ All treaty bindings verified across ecosystem
📜 TreatyGrid center coordination completed: 2026-07-04T08:15:48Z
  🦍 Gorilla holds the flame - Treaty alignment verified
♟️ Chess-Ledger synchronization check: 2026-07-04T08:15:48Z
  ✅ All treaty bindings verified across ecosystem
📜 TreatyGrid center coordination completed: 2026-07-04T11:15:09Z
  🦍 Gorilla holds the flame - Treaty alignment verified
♟️ Chess-Ledger synchronization check: 2026-07-04T11:15:09Z
  ✅ All treaty bindings verified across ecosystem
📜 TreatyGrid center coordination completed: 2026-07-04T12:52:14Z
  🦍 Gorilla holds the flame - Treaty alignment verified
♟️ Chess-Ledger synchronization check: 2026-07-04T12:52:14Z
  ✅ All treaty bindings verified across ecosystem
📜 TreatyGrid center coordination completed: 2026-07-04T14:55:41Z
  🦍 Gorilla holds the flame - Treaty alignment verified
♟️ Chess-Ledger synchronization check: 2026-07-04T14:55:41Z
  ✅ All treaty bindings verified across ecosystem
📜 TreatyGrid center coordination completed: 2026-07-04T16:46:51Z
  🦍 Gorilla holds the flame - Treaty alignment verified
♟️ Chess-Ledger synchronization check: 2026-07-04T16:46:51Z
  ✅ All treaty bindings verified across ecosystem
📜 TreatyGrid center coordination completed: 2026-07-04T18:47:02Z
  🦍 Gorilla holds the flame - Treaty alignment verified
♟️ Chess-Ledger synchronization check: 2026-07-04T18:47:03Z
  ✅ All treaty bindings verified across ecosystem
📜 TreatyGrid center coordination completed: 2026-07-04T20:40:25Z
  🦍 Gorilla holds the flame - Treaty alignment verified
♟️ Chess-Ledger synchronization check: 2026-07-04T20:40:25Z
  ✅ All treaty bindings verified across ecosystem
📜 TreatyGrid center coordination completed: 2026-07-04T22:43:38Z
  🦍 Gorilla holds the flame - Treaty alignment verified
♟️ Chess-Ledger synchronization check: 2026-07-04T22:43:38Z
  ✅ All treaty bindings verified across ecosystem
📜 TreatyGrid center coordination completed: 2026-07-05T01:29:36Z
  🦍 Gorilla holds the flame - Treaty alignment verified
♟️ Chess-Ledger synchronization check: 2026-07-05T01:29:36Z
  ✅ All treaty bindings verified across ecosystem
📜 TreatyGrid center coordination completed: 2026-07-05T05:50:01Z
  🦍 Gorilla holds the flame - Treaty alignment verified
♟️ Chess-Ledger synchronization check: 2026-07-05T05:50:01Z
  ✅ All treaty bindings verified across ecosystem
📜 TreatyGrid center coordination completed: 2026-07-05T08:34:24Z
  🦍 Gorilla holds the flame - Treaty alignment verified
♟️ Chess-Ledger synchronization check: 2026-07-05T08:34:24Z
  ✅ All treaty bindings verified across ecosystem
📜 TreatyGrid center coordination completed: 2026-07-05T11:21:21Z
  🦍 Gorilla holds the flame - Treaty alignment verified
♟️ Chess-Ledger synchronization check: 2026-07-05T11:21:21Z
  ✅ All treaty bindings verified across ecosystem
📜 TreatyGrid center coordination completed: 2026-07-05T12:59:54Z
  🦍 Gorilla holds the flame - Treaty alignment verified
♟️ Chess-Ledger synchronization check: 2026-07-05T12:59:54Z
  ✅ All treaty bindings verified across ecosystem
📜 TreatyGrid center coordination completed: 2026-07-05T15:04:22Z
  🦍 Gorilla holds the flame - Treaty alignment verified
♟️ Chess-Ledger synchronization check: 2026-07-05T15:04:22Z
  ✅ All treaty bindings verified across ecosystem
📜 TreatyGrid center coordination completed: 2026-07-05T16:51:08Z
  🦍 Gorilla holds the flame - Treaty alignment verified
♟️ Chess-Ledger synchronization check: 2026-07-05T16:51:08Z
  ✅ All treaty bindings verified across ecosystem
📜 TreatyGrid center coordination completed: 2026-07-05T18:54:07Z
  🦍 Gorilla holds the flame - Treaty alignment verified
♟️ Chess-Ledger synchronization check: 2026-07-05T18:54:07Z
  ✅ All treaty bindings verified across ecosystem
📜 TreatyGrid center coordination completed: 2026-07-05T20:43:48Z
  🦍 Gorilla holds the flame - Treaty alignment verified
♟️ Chess-Ledger synchronization check: 2026-07-05T20:43:48Z
  ✅ All treaty bindings verified across ecosystem
📜 TreatyGrid center coordination completed: 2026-07-05T22:45:03Z
  🦍 Gorilla holds the flame - Treaty alignment verified
♟️ Chess-Ledger synchronization check: 2026-07-05T22:45:03Z
  ✅ All treaty bindings verified across ecosystem
📜 TreatyGrid center coordination completed: 2026-07-06T01:30:45Z
  🦍 Gorilla holds the flame - Treaty alignment verified
♟️ Chess-Ledger synchronization check: 2026-07-06T01:30:45Z
  ✅ All treaty bindings verified across ecosystem
📜 TreatyGrid center coordination completed: 2026-07-06T06:12:25Z
  🦍 Gorilla holds the flame - Treaty alignment verified
♟️ Chess-Ledger synchronization check: 2026-07-06T06:12:25Z
  ✅ All treaty bindings verified across ecosystem
📜 TreatyGrid center coordination completed: 2026-07-06T11:52:11Z
  🦍 Gorilla holds the flame - Treaty alignment verified
♟️ Chess-Ledger synchronization check: 2026-07-06T11:52:11Z
  ✅ All treaty bindings verified across ecosystem
📜 TreatyGrid center coordination completed: 2026-07-06T14:48:17Z
  🦍 Gorilla holds the flame - Treaty alignment verified
♟️ Chess-Ledger synchronization check: 2026-07-06T14:48:17Z
  ✅ All treaty bindings verified across ecosystem
📜 TreatyGrid center coordination completed: 2026-07-06T18:02:02Z
  🦍 Gorilla holds the flame - Treaty alignment verified
♟️ Chess-Ledger synchronization check: 2026-07-06T18:02:02Z
  ✅ All treaty bindings verified across ecosystem
📜 TreatyGrid center coordination completed: 2026-07-06T21:17:08Z
  🦍 Gorilla holds the flame - Treaty alignment verified
♟️ Chess-Ledger synchronization check: 2026-07-06T21:17:09Z
  ✅ All treaty bindings verified across ecosystem
📜 TreatyGrid center coordination completed: 2026-07-06T22:53:22Z
  🦍 Gorilla holds the flame - Treaty alignment verified
♟️ Chess-Ledger synchronization check: 2026-07-06T22:53:22Z
  ✅ All treaty bindings verified across ecosystem
📜 TreatyGrid center coordination completed: 2026-07-07T01:30:44Z
  🦍 Gorilla holds the flame - Treaty alignment verified
♟️ Chess-Ledger synchronization check: 2026-07-07T01:30:44Z
  ✅ All treaty bindings verified across ecosystem
📜 TreatyGrid center coordination completed: 2026-07-07T05:54:37Z
  🦍 Gorilla holds the flame - Treaty alignment verified
♟️ Chess-Ledger synchronization check: 2026-07-07T05:54:37Z
  ✅ All treaty bindings verified across ecosystem
📜 TreatyGrid center coordination completed: 2026-07-07T08:59:10Z
  🦍 Gorilla holds the flame - Treaty alignment verified
♟️ Chess-Ledger synchronization check: 2026-07-07T08:59:10Z
  ✅ All treaty bindings verified across ecosystem
📜 TreatyGrid center coordination completed: 2026-07-07T12:18:45Z
  🦍 Gorilla holds the flame - Treaty alignment verified
♟️ Chess-Ledger synchronization check: 2026-07-07T12:18:45Z
  ✅ All treaty bindings verified across ecosystem
📜 TreatyGrid center coordination completed: 2026-07-07T16:14:31Z
  🦍 Gorilla holds the flame - Treaty alignment verified
♟️ Chess-Ledger synchronization check: 2026-07-07T16:14:31Z
  ✅ All treaty bindings verified across ecosystem
📜 TreatyGrid center coordination completed: 2026-07-07T19:28:39Z
  🦍 Gorilla holds the flame - Treaty alignment verified
♟️ Chess-Ledger synchronization check: 2026-07-07T19:28:39Z
  ✅ All treaty bindings verified across ecosystem
📜 TreatyGrid center coordination completed: 2026-07-07T22:48:06Z
  🦍 Gorilla holds the flame - Treaty alignment verified
♟️ Chess-Ledger synchronization check: 2026-07-07T22:48:06Z
  ✅ All treaty bindings verified across ecosystem
📜 TreatyGrid center coordination completed: 2026-07-08T01:15:43Z
  🦍 Gorilla holds the flame - Treaty alignment verified
♟️ Chess-Ledger synchronization check: 2026-07-08T01:15:43Z
  ✅ All treaty bindings verified across ecosystem
📜 TreatyGrid center coordination completed: 2026-07-08T04:53:56Z
  🦍 Gorilla holds the flame - Treaty alignment verified
♟️ Chess-Ledger synchronization check: 2026-07-08T04:53:56Z
  ✅ All treaty bindings verified across ecosystem
📜 TreatyGrid center coordination completed: 2026-07-08T08:02:22Z
  🦍 Gorilla holds the flame - Treaty alignment verified
♟️ Chess-Ledger synchronization check: 2026-07-08T08:02:22Z
  ✅ All treaty bindings verified across ecosystem
📜 TreatyGrid center coordination completed: 2026-07-08T11:40:06Z
  🦍 Gorilla holds the flame - Treaty alignment verified
♟️ Chess-Ledger synchronization check: 2026-07-08T11:40:06Z
  ✅ All treaty bindings verified across ecosystem
📜 TreatyGrid center coordination completed: 2026-07-08T13:20:19Z
  🦍 Gorilla holds the flame - Treaty alignment verified
♟️ Chess-Ledger synchronization check: 2026-07-08T13:20:19Z
  ✅ All treaty bindings verified across ecosystem
📜 TreatyGrid center coordination completed: 2026-07-08T15:55:52Z
  🦍 Gorilla holds the flame - Treaty alignment verified
♟️ Chess-Ledger synchronization check: 2026-07-08T15:55:52Z
  ✅ All treaty bindings verified across ecosystem
📜 TreatyGrid center coordination completed: 2026-07-08T17:14:34Z
  🦍 Gorilla holds the flame - Treaty alignment verified
♟️ Chess-Ledger synchronization check: 2026-07-08T17:14:34Z
  ✅ All treaty bindings verified across ecosystem
📜 TreatyGrid center coordination completed: 2026-07-08T19:00:25Z
  🦍 Gorilla holds the flame - Treaty alignment verified
♟️ Chess-Ledger synchronization check: 2026-07-08T19:00:25Z
  ✅ All treaty bindings verified across ecosystem
📜 TreatyGrid center coordination completed: 2026-07-08T20:52:14Z
  🦍 Gorilla holds the flame - Treaty alignment verified
♟️ Chess-Ledger synchronization check: 2026-07-08T20:52:14Z
  ✅ All treaty bindings verified across ecosystem
📜 TreatyGrid center coordination completed: 2026-07-08T22:51:35Z
  🦍 Gorilla holds the flame - Treaty alignment verified
♟️ Chess-Ledger synchronization check: 2026-07-08T22:51:35Z
  ✅ All treaty bindings verified across ecosystem
📜 TreatyGrid center coordination completed: 2026-07-09T01:23:30Z
  🦍 Gorilla holds the flame - Treaty alignment verified
♟️ Chess-Ledger synchronization check: 2026-07-09T01:23:30Z
  ✅ All treaty bindings verified across ecosystem
📜 TreatyGrid center coordination completed: 2026-07-09T05:55:44Z
  🦍 Gorilla holds the flame - Treaty alignment verified
♟️ Chess-Ledger synchronization check: 2026-07-09T05:55:44Z
  ✅ All treaty bindings verified across ecosystem
📜 TreatyGrid center coordination completed: 2026-07-09T08:57:59Z
  🦍 Gorilla holds the flame - Treaty alignment verified
♟️ Chess-Ledger synchronization check: 2026-07-09T08:57:59Z
  ✅ All treaty bindings verified across ecosystem
📜 TreatyGrid center coordination completed: 2026-07-09T12:23:54Z
  🦍 Gorilla holds the flame - Treaty alignment verified
♟️ Chess-Ledger synchronization check: 2026-07-09T12:23:54Z
  ✅ All treaty bindings verified across ecosystem
📜 TreatyGrid center coordination completed: 2026-07-09T16:18:37Z
  🦍 Gorilla holds the flame - Treaty alignment verified
♟️ Chess-Ledger synchronization check: 2026-07-09T16:18:37Z
  ✅ All treaty bindings verified across ecosystem
📜 TreatyGrid center coordination completed: 2026-07-09T19:15:28Z
  🦍 Gorilla holds the flame - Treaty alignment verified
♟️ Chess-Ledger synchronization check: 2026-07-09T19:15:28Z
  ✅ All treaty bindings verified across ecosystem
📜 TreatyGrid center coordination completed: 2026-07-09T21:08:59Z
  🦍 Gorilla holds the flame - Treaty alignment verified
♟️ Chess-Ledger synchronization check: 2026-07-09T21:08:59Z
  ✅ All treaty bindings verified across ecosystem
📜 TreatyGrid center coordination completed: 2026-07-09T23:00:11Z
  🦍 Gorilla holds the flame - Treaty alignment verified
♟️ Chess-Ledger synchronization check: 2026-07-09T23:00:11Z
  ✅ All treaty bindings verified across ecosystem
📜 TreatyGrid center coordination completed: 2026-07-10T01:20:58Z
  🦍 Gorilla holds the flame - Treaty alignment verified
♟️ Chess-Ledger synchronization check: 2026-07-10T01:20:58Z
  ✅ All treaty bindings verified across ecosystem
📜 TreatyGrid center coordination completed: 2026-07-10T05:48:06Z
  🦍 Gorilla holds the flame - Treaty alignment verified
♟️ Chess-Ledger synchronization check: 2026-07-10T05:48:06Z
  ✅ All treaty bindings verified across ecosystem
📜 TreatyGrid center coordination completed: 2026-07-10T08:54:04Z
  🦍 Gorilla holds the flame - Treaty alignment verified
♟️ Chess-Ledger synchronization check: 2026-07-10T08:54:04Z
  ✅ All treaty bindings verified across ecosystem
📜 TreatyGrid center coordination completed: 2026-07-10T12:16:57Z
  🦍 Gorilla holds the flame - Treaty alignment verified
♟️ Chess-Ledger synchronization check: 2026-07-10T12:16:57Z
  ✅ All treaty bindings verified across ecosystem
📜 TreatyGrid center coordination completed: 2026-07-10T16:10:08Z
  🦍 Gorilla holds the flame - Treaty alignment verified
♟️ Chess-Ledger synchronization check: 2026-07-10T16:10:08Z
  ✅ All treaty bindings verified across ecosystem
📜 TreatyGrid center coordination completed: 2026-07-10T19:10:53Z
  🦍 Gorilla holds the flame - Treaty alignment verified
♟️ Chess-Ledger synchronization check: 2026-07-10T19:10:53Z
  ✅ All treaty bindings verified across ecosystem
📜 TreatyGrid center coordination completed: 2026-07-10T20:57:38Z
  🦍 Gorilla holds the flame - Treaty alignment verified
♟️ Chess-Ledger synchronization check: 2026-07-10T20:57:38Z
  ✅ All treaty bindings verified across ecosystem
📜 TreatyGrid center coordination completed: 2026-07-10T22:46:01Z
  🦍 Gorilla holds the flame - Treaty alignment verified
♟️ Chess-Ledger synchronization check: 2026-07-10T22:46:01Z
  ✅ All treaty bindings verified across ecosystem
📜 TreatyGrid center coordination completed: 2026-07-11T01:14:32Z
  🦍 Gorilla holds the flame - Treaty alignment verified
♟️ Chess-Ledger synchronization check: 2026-07-11T01:14:32Z
  ✅ All treaty bindings verified across ecosystem
📜 TreatyGrid center coordination completed: 2026-07-11T04:49:12Z
  🦍 Gorilla holds the flame - Treaty alignment verified
♟️ Chess-Ledger synchronization check: 2026-07-11T04:49:12Z
  ✅ All treaty bindings verified across ecosystem
📜 TreatyGrid center coordination completed: 2026-07-11T07:27:55Z
  🦍 Gorilla holds the flame - Treaty alignment verified
♟️ Chess-Ledger synchronization check: 2026-07-11T07:27:55Z
  ✅ All treaty bindings verified across ecosystem
📜 TreatyGrid center coordination completed: 2026-07-11T09:12:14Z
  🦍 Gorilla holds the flame - Treaty alignment verified
♟️ Chess-Ledger synchronization check: 2026-07-11T09:12:14Z
  ✅ All treaty bindings verified across ecosystem
📜 TreatyGrid center coordination completed: 2026-07-11T10:49:42Z
  🦍 Gorilla holds the flame - Treaty alignment verified
♟️ Chess-Ledger synchronization check: 2026-07-11T10:49:42Z
  ✅ All treaty bindings verified across ecosystem
📜 TreatyGrid center coordination completed: 2026-07-11T12:43:35Z
  🦍 Gorilla holds the flame - Treaty alignment verified
♟️ Chess-Ledger synchronization check: 2026-07-11T12:43:35Z
  ✅ All treaty bindings verified across ecosystem
📜 TreatyGrid center coordination completed: 2026-07-11T16:38:51Z
  🦍 Gorilla holds the flame - Treaty alignment verified
♟️ Chess-Ledger synchronization check: 2026-07-11T16:38:51Z
  ✅ All treaty bindings verified across ecosystem
📜 TreatyGrid center coordination completed: 2026-07-11T18:39:56Z
  🦍 Gorilla holds the flame - Treaty alignment verified
♟️ Chess-Ledger synchronization check: 2026-07-11T18:39:56Z
  ✅ All treaty bindings verified across ecosystem
📜 TreatyGrid center coordination completed: 2026-07-11T20:35:34Z
  🦍 Gorilla holds the flame - Treaty alignment verified
♟️ Chess-Ledger synchronization check: 2026-07-11T20:35:34Z
  ✅ All treaty bindings verified across ecosystem
📜 TreatyGrid center coordination completed: 2026-07-11T22:33:35Z
  🦍 Gorilla holds the flame - Treaty alignment verified
♟️ Chess-Ledger synchronization check: 2026-07-11T22:33:35Z
  ✅ All treaty bindings verified across ecosystem
📜 TreatyGrid center coordination completed: 2026-07-12T01:15:55Z
  🦍 Gorilla holds the flame - Treaty alignment verified
♟️ Chess-Ledger synchronization check: 2026-07-12T01:15:55Z
  ✅ All treaty bindings verified across ecosystem
📜 TreatyGrid center coordination completed: 2026-07-12T05:00:40Z
  🦍 Gorilla holds the flame - Treaty alignment verified
♟️ Chess-Ledger synchronization check: 2026-07-12T05:00:40Z
  ✅ All treaty bindings verified across ecosystem
📜 TreatyGrid center coordination completed: 2026-07-12T07:52:13Z
  🦍 Gorilla holds the flame - Treaty alignment verified
♟️ Chess-Ledger synchronization check: 2026-07-12T07:52:13Z
  ✅ All treaty bindings verified across ecosystem
📜 TreatyGrid center coordination completed: 2026-07-12T09:32:06Z
  🦍 Gorilla holds the flame - Treaty alignment verified
♟️ Chess-Ledger synchronization check: 2026-07-12T09:32:06Z
  ✅ All treaty bindings verified across ecosystem
📜 TreatyGrid center coordination completed: 2026-07-12T12:44:19Z
  🦍 Gorilla holds the flame - Treaty alignment verified
♟️ Chess-Ledger synchronization check: 2026-07-12T12:44:19Z
  ✅ All treaty bindings verified across ecosystem
📜 TreatyGrid center coordination completed: 2026-07-12T14:45:23Z
  🦍 Gorilla holds the flame - Treaty alignment verified
♟️ Chess-Ledger synchronization check: 2026-07-12T14:45:23Z
  ✅ All treaty bindings verified across ecosystem
📜 TreatyGrid center coordination completed: 2026-07-12T16:40:43Z
  🦍 Gorilla holds the flame - Treaty alignment verified
♟️ Chess-Ledger synchronization check: 2026-07-12T16:40:43Z
  ✅ All treaty bindings verified across ecosystem
📜 TreatyGrid center coordination completed: 2026-07-12T18:42:47Z
  🦍 Gorilla holds the flame - Treaty alignment verified
♟️ Chess-Ledger synchronization check: 2026-07-12T18:42:47Z
  ✅ All treaty bindings verified across ecosystem
📜 TreatyGrid center coordination completed: 2026-07-12T20:32:48Z
  🦍 Gorilla holds the flame - Treaty alignment verified
♟️ Chess-Ledger synchronization check: 2026-07-12T20:32:48Z
  ✅ All treaty bindings verified across ecosystem
📜 TreatyGrid center coordination completed: 2026-07-12T22:34:41Z
  🦍 Gorilla holds the flame - Treaty alignment verified
♟️ Chess-Ledger synchronization check: 2026-07-12T22:34:41Z
  ✅ All treaty bindings verified across ecosystem
📜 TreatyGrid center coordination completed: 2026-07-13T01:17:40Z
  🦍 Gorilla holds the flame - Treaty alignment verified
♟️ Chess-Ledger synchronization check: 2026-07-13T01:17:40Z
  ✅ All treaty bindings verified across ecosystem
📜 TreatyGrid center coordination completed: 2026-07-13T05:20:02Z
  🦍 Gorilla holds the flame - Treaty alignment verified
♟️ Chess-Ledger synchronization check: 2026-07-13T05:20:02Z
  ✅ All treaty bindings verified across ecosystem
📜 TreatyGrid center coordination completed: 2026-07-13T08:38:36Z
  🦍 Gorilla holds the flame - Treaty alignment verified
♟️ Chess-Ledger synchronization check: 2026-07-13T08:38:36Z
  ✅ All treaty bindings verified across ecosystem
📜 TreatyGrid center coordination completed: 2026-07-13T12:24:04Z
  🦍 Gorilla holds the flame - Treaty alignment verified
♟️ Chess-Ledger synchronization check: 2026-07-13T12:24:04Z
  ✅ All treaty bindings verified across ecosystem
📜 TreatyGrid center coordination completed: 2026-07-13T16:16:50Z
  🦍 Gorilla holds the flame - Treaty alignment verified
♟️ Chess-Ledger synchronization check: 2026-07-13T16:16:50Z
  ✅ All treaty bindings verified across ecosystem
📜 TreatyGrid center coordination completed: 2026-07-13T19:07:05Z
  🦍 Gorilla holds the flame - Treaty alignment verified
♟️ Chess-Ledger synchronization check: 2026-07-13T19:07:05Z
  ✅ All treaty bindings verified across ecosystem
📜 TreatyGrid center coordination completed: 2026-07-13T20:45:42Z
  🦍 Gorilla holds the flame - Treaty alignment verified
♟️ Chess-Ledger synchronization check: 2026-07-13T20:45:42Z
  ✅ All treaty bindings verified across ecosystem
